  [1m[35mSQL (0.2ms)[0m  [1m[35mSET search_path TO public /*application='Backend'*/[0m
  [1m[35m (121.2ms)[0m  [1m[35mCREATE DATABASE "backend_development" ENCODING = 'unicode' /*application='Backend'*/[0m
  [1m[35m (1.9ms)[0m  [1m[35mCREATE TABLE "schema_migrations" ("version" character varying NOT NULL PRIMARY KEY) /*application='Backend'*/[0m
  [1m[35m (0.6ms)[0m  [1m[35mCREATE TABLE "ar_internal_metadata" ("key" character varying NOT NULL PRIMARY KEY, "value" character varying, "created_at" timestamp(6) NOT NULL, "updated_at" timestamp(6) NOT NULL) /*application='Backend'*/[0m
  [1m[35m (0.2ms)[0m  [1m[34mSELECT pg_try_advisory_lock(5073945470573576205) /*application='Backend'*/[0m
  [1m[36mActiveRecord::SchemaMigration Load (0.3ms)[0m  [1m[34mSELECT "schema_migrations"."version" FROM "schema_migrations" ORDER BY "schema_migrations"."version" ASC /*application='Backend'*/[0m
  [1m[36mActiveRecord::InternalMetadata Load (0.2ms)[0m  [1m[34mSELECT * FROM "ar_internal_metadata" WHERE "ar_internal_metadata"."key" = 'environment' ORDER BY "ar_internal_metadata"."key" ASC LIMIT 1 /*application='Backend'*/[0m
  [1m[36mActiveRecord::InternalMetadata Create (0.1ms)[0m  [1m[32mINSERT INTO "ar_internal_metadata" ("key", "value", "created_at", "updated_at") VALUES ('environment', 'development', '2026-07-01 01:12:26.230490', '2026-07-01 01:12:26.230491') RETURNING "key" /*application='Backend'*/[0m
Migrating to DeviseCreateAdmins (20260701011051)
  [1m[36mTRANSACTION (0.0ms)[0m  [1m[35mBEGIN /*application='Backend'*/[0m
  [1m[35m (2.5ms)[0m  [1m[35mCREATE TABLE "admins" ("id" bigserial primary key, "email" character varying DEFAULT '' NOT NULL, "encrypted_password" character varying DEFAULT '' NOT NULL, "reset_password_token" character varying, "reset_password_sent_at" timestamp(6), "remember_created_at" timestamp(6), "created_at" timestamp(6) NOT NULL, "updated_at" timestamp(6) NOT NULL) /*application='Backend'*/[0m
  [1m[35m (0.3ms)[0m  [1m[35mCREATE UNIQUE INDEX "index_admins_on_email" ON "admins" ("email") /*application='Backend'*/[0m
  [1m[35m (0.1ms)[0m  [1m[35mCREATE UNIQUE INDEX "index_admins_on_reset_password_token" ON "admins" ("reset_password_token") /*application='Backend'*/[0m
  [1m[36mActiveRecord::SchemaMigration Create (0.1ms)[0m  [1m[32mINSERT INTO "schema_migrations" ("version") VALUES ('20260701011051') RETURNING "version" /*application='Backend'*/[0m
  [1m[36mTRANSACTION (0.2ms)[0m  [1m[35mCOMMIT /*application='Backend'*/[0m
  [1m[35m (0.1ms)[0m  [1m[34mSELECT pg_advisory_unlock(5073945470573576205) /*application='Backend'*/[0m
  [1m[36mActiveRecord::SchemaMigration Load (0.1ms)[0m  [1m[34mSELECT "schema_migrations"."version" FROM "schema_migrations" ORDER BY "schema_migrations"."version" ASC /*application='Backend'*/[0m
  [1m[35mSQL (0.0ms)[0m  [1m[35mSET search_path TO public /*application='Backend'*/[0m
  [1m[35mSQL (0.0ms)[0m  [1m[35mSET search_path TO "$user", public /*application='Backend'*/[0m
  [1m[35mSQL (0.0ms)[0m  [1m[35mSET search_path TO public /*application='Backend'*/[0m
  [1m[35mSQL (0.0ms)[0m  [1m[35mSET search_path TO "$user", public /*application='Backend'*/[0m
Started GET "/" for 127.0.0.1 at 2026-06-30 22:12:36 -0300
  [1m[36mActiveRecord::SchemaMigration Load (0.4ms)[0m  [1m[34mSELECT "schema_migrations"."version" FROM "schema_migrations" ORDER BY "schema_migrations"."version" ASC /*application='Backend'*/[0m
Processing by Rails::WelcomeController#index as HTML
  Rendering /Users/isaiasaltoe/.local/share/mise/installs/ruby/3.4.9/lib/ruby/gems/3.4.0/gems/railties-8.1.3/lib/rails/templates/rails/welcome/index.html.erb
  Rendered /Users/isaiasaltoe/.local/share/mise/installs/ruby/3.4.9/lib/ruby/gems/3.4.0/gems/railties-8.1.3/lib/rails/templates/rails/welcome/index.html.erb (Duration: 0.2ms | GC: 0.0ms)
Completed 200 OK in 345ms (Views: 2.6ms | ActiveRecord: 0.0ms (0 queries, 0 cached) | GC: 26.5ms)


Started GET "/admin" for 127.0.0.1 at 2026-06-30 22:12:42 -0300
  
ActionController::RoutingError (No route matches [GET] "/admin"):
  
Started GET "/favicon.ico" for 127.0.0.1 at 2026-06-30 22:12:42 -0300
  
ActionController::RoutingError (No route matches [GET] "/favicon.ico"):
  
Started GET "/admin/sign_in" for 127.0.0.1 at 2026-06-30 22:13:03 -0300
  
ActionController::RoutingError (No route matches [GET] "/admin/sign_in"):
  
Started GET "/admin/sign_up" for 127.0.0.1 at 2026-06-30 22:13:32 -0300
  
ActionController::RoutingError (No route matches [GET] "/admin/sign_up"):
  
  [1m[36mActiveRecord::SchemaMigration Load (1.1ms)[0m  [1m[34mSELECT "schema_migrations"."version" FROM "schema_migrations" ORDER BY "schema_migrations"."version" ASC /*application='Backend'*/[0m
  [1m[35m (0.2ms)[0m  [1m[34mSELECT pg_try_advisory_lock(5073945470573576205) /*application='Backend'*/[0m
  [1m[36mActiveRecord::SchemaMigration Load (0.7ms)[0m  [1m[34mSELECT "schema_migrations"."version" FROM "schema_migrations" ORDER BY "schema_migrations"."version" ASC /*application='Backend'*/[0m
  [1m[36mActiveRecord::InternalMetadata Load (1.0ms)[0m  [1m[34mSELECT * FROM "ar_internal_metadata" WHERE "ar_internal_metadata"."key" = 'environment' ORDER BY "ar_internal_metadata"."key" ASC LIMIT 1 /*application='Backend'*/[0m
Migrating to CreateItems (20260701193644)
  [1m[36mTRANSACTION (0.1ms)[0m  [1m[35mBEGIN /*application='Backend'*/[0m
  [1m[35m (8.2ms)[0m  [1m[35mCREATE TABLE "items" ("id" bigserial primary key, "name" character varying, "description" character varying, "value" integer, "created_at" timestamp(6) NOT NULL, "updated_at" timestamp(6) NOT NULL) /*application='Backend'*/[0m
  [1m[36mActiveRecord::SchemaMigration Create (0.1ms)[0m  [1m[32mINSERT INTO "schema_migrations" ("version") VALUES ('20260701193644') RETURNING "version" /*application='Backend'*/[0m
  [1m[36mTRANSACTION (0.2ms)[0m  [1m[35mCOMMIT /*application='Backend'*/[0m
  [1m[35m (0.2ms)[0m  [1m[34mSELECT pg_advisory_unlock(5073945470573576205) /*application='Backend'*/[0m
  [1m[36mActiveRecord::SchemaMigration Load (0.1ms)[0m  [1m[34mSELECT "schema_migrations"."version" FROM "schema_migrations" ORDER BY "schema_migrations"."version" ASC /*application='Backend'*/[0m
  [1m[35mSQL (0.1ms)[0m  [1m[35mSET search_path TO public /*application='Backend'*/[0m
  [1m[35mSQL (0.1ms)[0m  [1m[35mSET search_path TO "$user", public /*application='Backend'*/[0m
  [1m[35mSQL (0.0ms)[0m  [1m[35mSET search_path TO public /*application='Backend'*/[0m
  [1m[35mSQL (0.1ms)[0m  [1m[35mSET search_path TO "$user", public /*application='Backend'*/[0m
  [1m[36mTRANSACTION (0.1ms)[0m  [1m[35mBEGIN /*application='Backend'*/[0m
  [1m[36mItem Create (3.3ms)[0m  [1m[32mINSERT INTO "items" ("name", "description", "value", "created_at", "updated_at") VALUES ('teste', 'oi', NULL, '2026-07-01 19:39:21.377802', '2026-07-01 19:39:21.377802') RETURNING "id" /*application='Backend'*/[0m
  [1m[36mTRANSACTION (0.3ms)[0m  [1m[35mCOMMIT /*application='Backend'*/[0m
  [1m[36mItem Load (0.6ms)[0m  [1m[34mSELECT "items".* FROM "items" /* loading for pp */ LIMIT 11 /*application='Backend'*/[0m
Started GET "/index" for 127.0.0.1 at 2026-07-01 16:41:01 -0300
  [1m[36mActiveRecord::SchemaMigration Load (0.8ms)[0m  [1m[34mSELECT "schema_migrations"."version" FROM "schema_migrations" ORDER BY "schema_migrations"."version" ASC /*application='Backend'*/[0m
  
ActionController::RoutingError (No route matches [GET] "/index"):
  
Started GET "/items" for 127.0.0.1 at 2026-07-01 16:41:45 -0300
Processing by ItemsController#index as */*
  [1m[36mItem Load (11.6ms)[0m  [1m[34mSELECT "items".* FROM "items" /*action='index',application='Backend',controller='items'*/[0m
  ↳ app/controllers/items_controller.rb:8:in 'ItemsController#index'
Completed 200 OK in 28ms (Views: -2.8ms | ActiveRecord: 23.3ms (1 query, 0 cached) | GC: 0.0ms)


Started GET "/items" for 127.0.0.1 at 2026-07-01 16:41:50 -0300
Processing by ItemsController#index as */*
  [1m[36mItem Load (0.2ms)[0m  [1m[34mSELECT "items".* FROM "items" /*action='index',application='Backend',controller='items'*/[0m
  ↳ app/controllers/items_controller.rb:8:in 'ItemsController#index'
Completed 200 OK in 1ms (Views: 0.9ms | ActiveRecord: 0.2ms (1 query, 0 cached) | GC: 0.0ms)


Started GET "/items" for 127.0.0.1 at 2026-07-01 16:42:12 -0300
Processing by ItemsController#index as */*
  [1m[36mItem Load (0.3ms)[0m  [1m[34mSELECT "items".* FROM "items" /*action='index',application='Backend',controller='items'*/[0m
  ↳ app/controllers/items_controller.rb:8:in 'ItemsController#index'
Completed 200 OK in 1ms (Views: 1.0ms | ActiveRecord: 0.3ms (1 query, 0 cached) | GC: 0.0ms)


  [1m[36mItem Load (1.4ms)[0m  [1m[34mSELECT "items".* FROM "items" /*application='Backend'*/[0m
  [1m[36mTRANSACTION (0.2ms)[0m  [1m[35mBEGIN /*application='Backend'*/[0m
  [1m[36mItem Destroy (1.8ms)[0m  [1m[31mDELETE FROM "items" WHERE "items"."id" = 1 /*application='Backend'*/[0m
  [1m[36mTRANSACTION (0.7ms)[0m  [1m[35mCOMMIT /*application='Backend'*/[0m
Started GET "/items" for 127.0.0.1 at 2026-07-01 16:43:17 -0300
Processing by ItemsController#index as */*
  [1m[36mItem Load (0.9ms)[0m  [1m[34mSELECT "items".* FROM "items" /*action='index',application='Backend',controller='items'*/[0m
  ↳ app/controllers/items_controller.rb:8:in 'ItemsController#index'
Completed 200 OK in 3ms (Views: 1.4ms | ActiveRecord: 0.9ms (1 query, 0 cached) | GC: 0.0ms)


  [1m[36mItem Load (0.5ms)[0m  [1m[34mSELECT "items".* FROM "items" /* loading for pp */ LIMIT 11 /*application='Backend'*/[0m
Started GET "/items" for 127.0.0.1 at 2026-07-01 16:43:53 -0300
  [1m[36mActiveRecord::SchemaMigration Load (0.6ms)[0m  [1m[34mSELECT "schema_migrations"."version" FROM "schema_migrations" ORDER BY "schema_migrations"."version" ASC /*application='Backend'*/[0m
Processing by ItemsController#index as */*
  [1m[36mItem Load (9.3ms)[0m  [1m[34mSELECT "items".* FROM "items" /*action='index',application='Backend',controller='items'*/[0m
  ↳ app/controllers/items_controller.rb:8:in 'ItemsController#index'
Completed 200 OK in 15ms (Views: -3.4ms | ActiveRecord: 13.2ms (1 query, 0 cached) | GC: 0.0ms)


Started GET "/items" for 127.0.0.1 at 2026-07-01 16:43:54 -0300
Processing by ItemsController#index as */*
  [1m[36mItem Load (0.3ms)[0m  [1m[34mSELECT "items".* FROM "items" /*action='index',application='Backend',controller='items'*/[0m
  ↳ app/controllers/items_controller.rb:8:in 'ItemsController#index'
Completed 200 OK in 1ms (Views: 0.8ms | ActiveRecord: 0.3ms (1 query, 0 cached) | GC: 0.0ms)


Started GET "/items" for 127.0.0.1 at 2026-07-01 16:43:55 -0300
Processing by ItemsController#index as */*
  [1m[36mItem Load (0.3ms)[0m  [1m[34mSELECT "items".* FROM "items" /*action='index',application='Backend',controller='items'*/[0m
  ↳ app/controllers/items_controller.rb:8:in 'ItemsController#index'
Completed 200 OK in 1ms (Views: 0.6ms | ActiveRecord: 0.3ms (1 query, 0 cached) | GC: 0.0ms)


Started GET "/items" for 127.0.0.1 at 2026-07-01 16:44:18 -0300
Processing by ItemsController#index as */*
  [1m[36mItem Load (0.2ms)[0m  [1m[34mSELECT "items".* FROM "items" /*action='index',application='Backend',controller='items'*/[0m
  ↳ app/controllers/items_controller.rb:8:in 'ItemsController#index'
Completed 200 OK in 1ms (Views: 0.6ms | ActiveRecord: 0.2ms (1 query, 0 cached) | GC: 0.0ms)


  [1m[36mCACHE ActiveRecord::SchemaMigration Load (0.0ms)[0m  [1m[34mSELECT "schema_migrations"."version" FROM "schema_migrations" ORDER BY "schema_migrations"."version" ASC[0m
  [1m[35m (0.1ms)[0m  [1m[34mSELECT pg_try_advisory_lock(5073945470573576205) /*application='Backend'*/[0m
  [1m[36mActiveRecord::SchemaMigration Load (4.9ms)[0m  [1m[34mSELECT "schema_migrations"."version" FROM "schema_migrations" ORDER BY "schema_migrations"."version" ASC /*application='Backend'*/[0m
  [1m[36mActiveRecord::InternalMetadata Load (1.0ms)[0m  [1m[34mSELECT * FROM "ar_internal_metadata" WHERE "ar_internal_metadata"."key" = 'environment' ORDER BY "ar_internal_metadata"."key" ASC LIMIT 1 /*application='Backend'*/[0m
Migrating to CreateCategories (20260701194551)
  [1m[36mTRANSACTION (0.1ms)[0m  [1m[35mBEGIN /*application='Backend'*/[0m
  [1m[35m (7.1ms)[0m  [1m[35mCREATE TABLE "categories" ("id" bigserial primary key, "name" character varying, "created_at" timestamp(6) NOT NULL, "updated_at" timestamp(6) NOT NULL) /*application='Backend'*/[0m
  [1m[36mActiveRecord::SchemaMigration Create (0.1ms)[0m  [1m[32mINSERT INTO "schema_migrations" ("version") VALUES ('20260701194551') RETURNING "version" /*application='Backend'*/[0m
  [1m[36mTRANSACTION (0.3ms)[0m  [1m[35mCOMMIT /*application='Backend'*/[0m
  [1m[35m (0.1ms)[0m  [1m[34mSELECT pg_advisory_unlock(5073945470573576205) /*application='Backend'*/[0m
  [1m[36mActiveRecord::SchemaMigration Load (0.1ms)[0m  [1m[34mSELECT "schema_migrations"."version" FROM "schema_migrations" ORDER BY "schema_migrations"."version" ASC /*application='Backend'*/[0m
  [1m[35mSQL (0.1ms)[0m  [1m[35mSET search_path TO public /*application='Backend'*/[0m
  [1m[35mSQL (0.1ms)[0m  [1m[35mSET search_path TO "$user", public /*application='Backend'*/[0m
  [1m[35mSQL (0.1ms)[0m  [1m[35mSET search_path TO public /*application='Backend'*/[0m
  [1m[35mSQL (0.1ms)[0m  [1m[35mSET search_path TO "$user", public /*application='Backend'*/[0m
  [1m[36mCACHE ActiveRecord::SchemaMigration Load (0.0ms)[0m  [1m[34mSELECT "schema_migrations"."version" FROM "schema_migrations" ORDER BY "schema_migrations"."version" ASC[0m
  [1m[35m (0.2ms)[0m  [1m[34mSELECT pg_try_advisory_lock(5073945470573576205) /*application='Backend'*/[0m
  [1m[36mActiveRecord::SchemaMigration Load (1.3ms)[0m  [1m[34mSELECT "schema_migrations"."version" FROM "schema_migrations" ORDER BY "schema_migrations"."version" ASC /*application='Backend'*/[0m
  [1m[36mActiveRecord::InternalMetadata Load (1.0ms)[0m  [1m[34mSELECT * FROM "ar_internal_metadata" WHERE "ar_internal_metadata"."key" = 'environment' ORDER BY "ar_internal_metadata"."key" ASC LIMIT 1 /*application='Backend'*/[0m
Migrating to AddCategoryRefToItem (20260701195002)
  [1m[36mTRANSACTION (0.1ms)[0m  [1m[35mBEGIN /*application='Backend'*/[0m
  [1m[35m (3.0ms)[0m  [1m[35mALTER TABLE "items" ADD "category_id" bigint NOT NULL /*application='Backend'*/[0m
  [1m[35m (2.5ms)[0m  [1m[35mCREATE INDEX "index_items_on_category_id" ON "items" ("category_id") /*application='Backend'*/[0m
  [1m[35m (3.6ms)[0m  [1m[35mALTER TABLE "items" ADD CONSTRAINT "fk_rails_89fb86dc8b"
FOREIGN KEY ("category_id")
  REFERENCES "categories" ("id")
 /*application='Backend'*/[0m
  [1m[36mActiveRecord::SchemaMigration Create (0.2ms)[0m  [1m[32mINSERT INTO "schema_migrations" ("version") VALUES ('20260701195002') RETURNING "version" /*application='Backend'*/[0m
  [1m[36mTRANSACTION (0.5ms)[0m  [1m[35mCOMMIT /*application='Backend'*/[0m
  [1m[35m (0.1ms)[0m  [1m[34mSELECT pg_advisory_unlock(5073945470573576205) /*application='Backend'*/[0m
  [1m[36mActiveRecord::SchemaMigration Load (0.1ms)[0m  [1m[34mSELECT "schema_migrations"."version" FROM "schema_migrations" ORDER BY "schema_migrations"."version" ASC /*application='Backend'*/[0m
  [1m[35mSQL (0.1ms)[0m  [1m[35mSET search_path TO public /*application='Backend'*/[0m
  [1m[35mSQL (0.1ms)[0m  [1m[35mSET search_path TO "$user", public /*application='Backend'*/[0m
  [1m[35mSQL (0.1ms)[0m  [1m[35mSET search_path TO public /*application='Backend'*/[0m
  [1m[35mSQL (0.1ms)[0m  [1m[35mSET search_path TO "$user", public /*application='Backend'*/[0m
  [1m[36mActiveRecord::SchemaMigration Load (1.1ms)[0m  [1m[34mSELECT "schema_migrations"."version" FROM "schema_migrations" ORDER BY "schema_migrations"."version" ASC /*application='Backend'*/[0m
Started GET "/" for 127.0.0.1 at 2026-07-01 20:59:22 -0300
  [1m[36mActiveRecord::SchemaMigration Load (1.7ms)[0m  [1m[34mSELECT "schema_migrations"."version" FROM "schema_migrations" ORDER BY "schema_migrations"."version" ASC /*application='Backend'*/[0m
Processing by Rails::WelcomeController#index as HTML
  Rendering /Users/isaiasaltoe/.local/share/mise/installs/ruby/3.4.9/lib/ruby/gems/3.4.0/gems/railties-8.1.3/lib/rails/templates/rails/welcome/index.html.erb
  Rendered /Users/isaiasaltoe/.local/share/mise/installs/ruby/3.4.9/lib/ruby/gems/3.4.0/gems/railties-8.1.3/lib/rails/templates/rails/welcome/index.html.erb (Duration: 0.2ms | GC: 0.0ms)
Completed 200 OK in 73ms (Views: 1.0ms | ActiveRecord: 0.0ms (0 queries, 0 cached) | GC: 8.3ms)


Started GET "/items" for 127.0.0.1 at 2026-07-01 20:59:32 -0300
Processing by ItemsController#index as HTML
  [1m[36mItem Load (9.0ms)[0m  [1m[34mSELECT "items".* FROM "items" /*action='index',application='Backend',controller='items'*/[0m
  ↳ app/controllers/items_controller.rb:8:in 'ItemsController#index'
Completed 200 OK in 19ms (Views: -2.1ms | ActiveRecord: 12.1ms (1 query, 0 cached) | GC: 0.0ms)


  [1m[36mItem Load (102.8ms)[0m  [1m[34mSELECT "items".* FROM "items" /* loading for pp */ LIMIT 11 /*application='Backend'*/[0m
  [1m[36mItem Load (106.4ms)[0m  [1m[34mSELECT "items".* FROM "items" /* loading for pp */ LIMIT 11 /*application='Backend'*/[0m
  [1m[36mItem Load (138.6ms)[0m  [1m[34mSELECT "items".* FROM "items" /* loading for pp */ LIMIT 11 /*application='Backend'*/[0m
  [1m[36mItem Load (107.2ms)[0m  [1m[34mSELECT "items".* FROM "items" /* loading for pp */ LIMIT 11 /*application='Backend'*/[0m
  [1m[36mItem Load (106.8ms)[0m  [1m[34mSELECT "items".* FROM "items" /* loading for pp */ LIMIT 11 /*application='Backend'*/[0m
  [1m[36mItem Load (104.1ms)[0m  [1m[34mSELECT "items".* FROM "items" /* loading for pp */ LIMIT 11 /*application='Backend'*/[0m
  [1m[36mActiveRecord::SchemaMigration Load (0.8ms)[0m  [1m[34mSELECT "schema_migrations"."version" FROM "schema_migrations" ORDER BY "schema_migrations"."version" ASC /*application='Backend'*/[0m
Started GET "/api/v1/categories" for 172.18.0.1 at 2026-07-05 18:33:32 +0000
  [1m[36mActiveRecord::SchemaMigration Load (0.2ms)[0m  [1m[34mSELECT "schema_migrations"."version" FROM "schema_migrations" ORDER BY "schema_migrations"."version" ASC /*application='Backend'*/[0m
Processing by Api::V1::CategoriesController#index as HTML
  [1m[36mCategory Load (8.4ms)[0m  [1m[34mSELECT "categories".* FROM "categories" /*action='index',application='Backend',controller='categories'*/[0m
  ↳ app/controllers/api/v1/categories_controller.rb:8:in 'Api::V1::CategoriesController#index'
Completed 200 OK in 30ms (Views: 1.1ms | ActiveRecord: 13.3ms (1 query, 0 cached) | GC: 0.5ms)


